[INFO] Scanning for projects...
[INFO] Reactor build order: 
[INFO]   Jumbo-Converters
[INFO]   jumbo-converters-core
[INFO]   jumbo-converters-testutils
[INFO]   jumbo-converters-cif
[INFO]   jumbo-converters-chemdraw
[INFO]   jumbo-converters-compchem-common
[INFO]   jumbo-converters-compchem-testutils
[INFO]   jumbo-converters-compchem-amber
[INFO]   jumbo-converters-compchem-dalton
[INFO]   jumbo-converters-compchem-gamessuk
[INFO]   jumbo-converters-compchem-gamessus
[INFO]   jumbo-converters-compchem-gaussian
[INFO]   jumbo-converters-compchem-jaguar
[INFO]   jumbo-converters-compchem-misc
[INFO]   jumbo-converters-compchem-molcas
[INFO]   jumbo-converters-compchem-mopac
[INFO]   jumbo-converters-compchem-nwchem
[INFO]   jumbo-converters-compchem-qespresso
[INFO]   jumbo-converters-compchem-turbomole
[INFO]   jumbo-converters-molecule
[INFO]   jumbo-converters-graphics
[INFO]   jumbo-converters-reaction
[INFO]   jumbo-converters-spectrum
[INFO]   jumbo-converters-cli
[INFO]   jumbo-converters-compchem-dlpoly
[INFO]   jumbo-converters-compchem-dummy
[INFO]   jumbo-converters-compchem-all
[INFO]   jumbo-converters-compchem
[INFO] ------------------------------------------------------------------------
[INFO] Building Jumbo-Converters
[INFO]    task-segment: [clean, test]
[INFO] ------------------------------------------------------------------------
[INFO] [clean:clean {execution: default-clean}]
[INFO] No goals needed for project - skipping
[INFO] ------------------------------------------------------------------------
[INFO] Building jumbo-converters-core
[INFO]    task-segment: [clean, test]
[INFO] ------------------------------------------------------------------------
[INFO] [clean:clean {execution: default-clean}]
[INFO] Deleting D:\SPS-workspace\jumbo-converters\jumbo-converters-core\target
[INFO] [resources:resources {execution: default-resources}]
[INFO] Using 'UTF-8' encoding to copy filtered resources.
[INFO] Copying 10 resources
[INFO] [compiler:compile {execution: default-compile}]
[INFO] Compiling 129 source files to D:\SPS-workspace\jumbo-converters\jumbo-converters-core\target\classes
[INFO] [resources:testResources {execution: default-testResources}]
[INFO] Using 'UTF-8' encoding to copy filtered resources.
[INFO] Copying 98 resources
[INFO] [compiler:testCompile {execution: default-testCompile}]
[INFO] Compiling 28 source files to D:\SPS-workspace\jumbo-converters\jumbo-converters-core\target\test-classes
[INFO] [surefire:test {execution: default-test}]
[INFO] Surefire report directory: D:\SPS-workspace\jumbo-converters\jumbo-converters-core\target\surefire-reports

-------------------------------------------------------
 T E S T S
-------------------------------------------------------
Running org.xmlcml.cml.converters.cml.EditorConverterTest
Tests run: 3, Failures: 0, Errors: 0, Skipped: 1, Time elapsed: 3.105 sec
Running org.xmlcml.cml.converters.cml.EditorTest
Tests run: 2, Failures: 0, Errors: 0, Skipped: 1, Time elapsed: 0.009 sec
Running org.xmlcml.cml.converters.cmllite.CML2CMLLiteConverterTest
Tests run: 1, Failures: 0, Errors: 0, Skipped: 0, Time elapsed: 0.173 sec
Running org.xmlcml.cml.converters.ConverterDirectoryWalkerTest
Tests run: 1, Failures: 0, Errors: 0, Skipped: 0, Time elapsed: 0.003 sec
Running org.xmlcml.cml.converters.FileManagerTest
Tests run: 2, Failures: 0, Errors: 0, Skipped: 0, Time elapsed: 0.011 sec
Running org.xmlcml.cml.converters.filter.AndFilterTest
Tests run: 3, Failures: 0, Errors: 0, Skipped: 0, Time elapsed: 0.011 sec
Running org.xmlcml.cml.converters.filter.NotFilterTest
Tests run: 4, Failures: 0, Errors: 0, Skipped: 0, Time elapsed: 0.008 sec
Running org.xmlcml.cml.converters.filter.OrFilterTest
Tests run: 4, Failures: 0, Errors: 0, Skipped: 0, Time elapsed: 0.007 sec
Running org.xmlcml.cml.converters.filter.StringLengthFilterTest
Tests run: 4, Failures: 0, Errors: 0, Skipped: 0, Time elapsed: 0.015 sec
Running org.xmlcml.cml.converters.filter.ValueFilterTest
Tests run: 2, Failures: 0, Errors: 0, Skipped: 0, Time elapsed: 0.007 sec
Running org.xmlcml.cml.converters.filter.XPathFilterTest
Tests run: 21, Failures: 0, Errors: 0, Skipped: 0, Time elapsed: 0.048 sec
Running org.xmlcml.cml.converters.format.ExpressionTest
Tests run: 4, Failures: 0, Errors: 0, Skipped: 3, Time elapsed: 0.011 sec
Running org.xmlcml.cml.converters.format.FieldTest
Tests run: 5, Failures: 0, Errors: 0, Skipped: 5, Time elapsed: 0.007 sec
Running org.xmlcml.cml.converters.format.LineReaderTest
Tests run: 1, Failures: 0, Errors: 0, Skipped: 0, Time elapsed: 0.015 sec
Running org.xmlcml.cml.converters.format.OperatorTest
Tests run: 1, Failures: 0, Errors: 0, Skipped: 0, Time elapsed: 0.002 sec
Running org.xmlcml.cml.converters.format.RecordReaderTest
Tests run: 34, Failures: 0, Errors: 0, Skipped: 19, Time elapsed: 0.323 sec
Running org.xmlcml.cml.converters.format.SimpleFortranFormatTest
Tests run: 58, Failures: 0, Errors: 0, Skipped: 15, Time elapsed: 0.145 sec
Running org.xmlcml.cml.converters.format.SymbolTest
Tests run: 1, Failures: 0, Errors: 0, Skipped: 0, Time elapsed: 0.004 sec
Running org.xmlcml.cml.converters.format.TableLineReaderTest
Tests run: 1, Failures: 0, Errors: 0, Skipped: 0, Time elapsed: 0.002 sec
Running org.xmlcml.cml.converters.format.VariableTest
Tests run: 3, Failures: 0, Errors: 0, Skipped: 0, Time elapsed: 0.004 sec
Running org.xmlcml.cml.converters.FrameworkTest
0    [main] DEBUG org.xmlcml.cml.converters.FrameworkTest  - [Given input extension foo does not match any of given extensions for chemical/x-cml]
Tests run: 4, Failures: 0, Errors: 0, Skipped: 0, Time elapsed: 0.246 sec
Running org.xmlcml.cml.converters.metadata.CountryTest
Tests run: 1, Failures: 0, Errors: 0, Skipped: 0, Time elapsed: 0.025 sec
Running org.xmlcml.cml.converters.text.MoleculeTransformTest
Tests run: 1, Failures: 0, Errors: 0, Skipped: 0, Time elapsed: 0.031 sec
Running org.xmlcml.cml.converters.text.QespressoTest
Tests run: 8, Failures: 0, Errors: 0, Skipped: 7, Time elapsed: 0.04 sec
Running org.xmlcml.cml.converters.text.TemplateTest
Tests run: 40, Failures: 0, Errors: 0, Skipped: 10, Time elapsed: 0.182 sec
Running org.xmlcml.cml.converters.text.Text2XMLConverterTest
Tests run: 2, Failures: 0, Errors: 0, Skipped: 1, Time elapsed: 0.007 sec
Running org.xmlcml.cml.converters.text.TransformTest
743  [main] WARN  org.xmlcml.cml.converters.text.TransformElement  - Cannot parse/set date/duration: Thu Apr  7 17:04:52 2011 (format='EEE MMM d HH:mm:ss yyyy'); java.lang.IllegalArgumentException: Invalid format: "Thu Apr  7 17:04:52 2011" is malformed at " 7 17:04:52 2011"
Tests run: 92, Failures: 0, Errors: 0, Skipped: 6, Time elapsed: 0.439 sec
Running org.xmlcml.cml.converters.TypeTest
=============TypeTest==============
Tests run: 3, Failures: 0, Errors: 0, Skipped: 0, Time elapsed: 0.004 sec

Results :

Tests run: 306, Failures: 0, Errors: 0, Skipped: 68

[INFO] ------------------------------------------------------------------------
[INFO] Building jumbo-converters-testutils
[INFO]    task-segment: [clean, test]
[INFO] ------------------------------------------------------------------------
[INFO] [clean:clean {execution: default-clean}]
[INFO] Deleting D:\SPS-workspace\jumbo-converters\jumbo-converters-testutils\target
[INFO] [resources:resources {execution: default-resources}]
[INFO] Using 'UTF-8' encoding to copy filtered resources.
[INFO] skip non existing resourceDirectory D:\SPS-workspace\jumbo-converters\jumbo-converters-testutils\src\main\resources
[INFO] [compiler:compile {execution: default-compile}]
[INFO] Compiling 4 source files to D:\SPS-workspace\jumbo-converters\jumbo-converters-testutils\target\classes
[INFO] [resources:testResources {execution: default-testResources}]
[INFO] Using 'UTF-8' encoding to copy filtered resources.
[INFO] Copying 5 resources
[INFO] [compiler:testCompile {execution: default-testCompile}]
[INFO] Compiling 1 source file to D:\SPS-workspace\jumbo-converters\jumbo-converters-testutils\target\test-classes
[INFO] [surefire:test {execution: default-test}]
[INFO] Surefire report directory: D:\SPS-workspace\jumbo-converters\jumbo-converters-testutils\target\surefire-reports

-------------------------------------------------------
 T E S T S
-------------------------------------------------------
Running org.xmlcml.cml.converters.testutils.RegressionSuiteTest
0    [main] WARN  org.xmlcml.cml.converters.testutils.RegressionSuite  - Cannot compare non-xml files
14   [main] DEBUG org.xmlcml.cml.converters.testutils.RegressionSuiteTest  - Files didn't match
Tests run: 5, Failures: 0, Errors: 0, Skipped: 0, Time elapsed: 0.51 sec

Results :

Tests run: 5, Failures: 0, Errors: 0, Skipped: 0

[INFO] ------------------------------------------------------------------------
[INFO] Building jumbo-converters-cif
[INFO]    task-segment: [clean, test]
[INFO] ------------------------------------------------------------------------
[INFO] [clean:clean {execution: default-clean}]
[INFO] Deleting D:\SPS-workspace\jumbo-converters\jumbo-converters-cif\target
[INFO] [resources:resources {execution: default-resources}]
[INFO] Using 'UTF-8' encoding to copy filtered resources.
[INFO] Copying 6 resources
Downloading: https://maven.ch.cam.ac.uk/m2repo/cml/jumbo-converters-core/0.4-SNAPSHOT/jumbo-converters-core-0.4-SNAPSHOT.pom
[INFO] Unable to find resource 'cml:jumbo-converters-core:pom:0.4-SNAPSHOT' in repository ucc-repo (https://maven.ch.cam.ac.uk/m2repo)
[INFO] [compiler:compile {execution: default-compile}]
[INFO] Compiling 31 source files to D:\SPS-workspace\jumbo-converters\jumbo-converters-cif\target\classes
[INFO] [resources:testResources {execution: default-testResources}]
[INFO] Using 'UTF-8' encoding to copy filtered resources.
[INFO] Copying 37 resources
[INFO] [compiler:testCompile {execution: default-testCompile}]
[INFO] Compiling 11 source files to D:\SPS-workspace\jumbo-converters\jumbo-converters-cif\target\test-classes
[INFO] [surefire:test {execution: default-test}]
[INFO] Surefire report directory: D:\SPS-workspace\jumbo-converters\jumbo-converters-cif\target\surefire-reports

-------------------------------------------------------
 T E S T S
-------------------------------------------------------
Running org.xmlcml.cml.converters.cif.CIFConverterTest
Tests run: 12, Failures: 0, Errors: 0, Skipped: 2, Time elapsed: 23.567 sec
Running org.xmlcml.cml.converters.cif.CIFFieldsTest
Tests run: 3, Failures: 0, Errors: 0, Skipped: 0, Time elapsed: 0.217 sec
Running org.xmlcml.cml.converters.cif.dict.DictionaryConvertTest
Tests run: 4, Failures: 0, Errors: 0, Skipped: 0, Time elapsed: 1.235 sec
Running org.xmlcml.cml.converters.cif.dict.units.CIFUnitMapperTest
Tests run: 3, Failures: 0, Errors: 0, Skipped: 0, Time elapsed: 0.003 sec
Running org.xmlcml.cml.converters.cif.dict.UnitTypeTest
Tests run: 1, Failures: 0, Errors: 0, Skipped: 0, Time elapsed: 0.004 sec
Running org.xmlcml.cml.converters.cif.FileTest
Tests run: 2, Failures: 0, Errors: 0, Skipped: 0, Time elapsed: 0.417 sec
Running org.xmlcml.cml.converters.cif.filter.DisorderFilterTest
Tests run: 1, Failures: 0, Errors: 0, Skipped: 0, Time elapsed: 0.055 sec
Running org.xmlcml.cml.converters.cif.filter.RFactorFilterTest
Tests run: 4, Failures: 0, Errors: 0, Skipped: 0, Time elapsed: 0.442 sec
Running org.xmlcml.cml.converters.cif.OutPutModuleBuilderTest
Tests run: 16, Failures: 0, Errors: 0, Skipped: 0, Time elapsed: 2.635 sec
Running org.xmlcml.cml.converters.cif.RegressionTest
Tests run: 3, Failures: 0, Errors: 0, Skipped: 2, Time elapsed: 0.004 sec

Results :

Tests run: 49, Failures: 0, Errors: 0, Skipped: 4

[INFO] ------------------------------------------------------------------------
[INFO] Building jumbo-converters-chemdraw
[INFO]    task-segment: [clean, test]
[INFO] ------------------------------------------------------------------------
[INFO] [clean:clean {execution: default-clean}]
[INFO] Deleting D:\SPS-workspace\jumbo-converters\jumbo-converters-chemdraw\target
[INFO] [resources:resources {execution: default-resources}]
[INFO] Using 'UTF-8' encoding to copy filtered resources.
[INFO] Copying 1 resource
[INFO] [compiler:compile {execution: default-compile}]
[INFO] Compiling 6 source files to D:\SPS-workspace\jumbo-converters\jumbo-converters-chemdraw\target\classes
[INFO] [resources:testResources {execution: default-testResources}]
[INFO] Using 'UTF-8' encoding to copy filtered resources.
[INFO] Copying 20 resources
[INFO] [compiler:testCompile {execution: default-testCompile}]
[INFO] Compiling 2 source files to D:\SPS-workspace\jumbo-converters\jumbo-converters-chemdraw\target\test-classes
[INFO] [surefire:test {execution: default-test}]
[INFO] Surefire report directory: D:\SPS-workspace\jumbo-converters\jumbo-converters-chemdraw\target\surefire-reports

-------------------------------------------------------
 T E S T S
-------------------------------------------------------
Running org.xmlcml.cml.converters.chemdraw.CDX2CDXMLConverterTest
Tests run: 2, Failures: 0, Errors: 0, Skipped: 1, Time elapsed: 0.073 sec
Running org.xmlcml.cml.converters.chemdraw.CDXML2CMLConverterTest
Tests run: 2, Failures: 0, Errors: 0, Skipped: 1, Time elapsed: 0.003 sec

Results :

Tests run: 4, Failures: 0, Errors: 0, Skipped: 2

[INFO] ------------------------------------------------------------------------
[INFO] Building jumbo-converters-compchem-common
[INFO]    task-segment: [clean, test]
[INFO] ------------------------------------------------------------------------
[INFO] [clean:clean {execution: default-clean}]
[INFO] Deleting D:\SPS-workspace\jumbo-converters\jumbo-converters-compchem\jumbo-converters-compchem-common\target
[INFO] [resources:resources {execution: default-resources}]
[INFO] Using 'UTF-8' encoding to copy filtered resources.
[INFO] Copying 8 resources
[INFO] [compiler:compile {execution: default-compile}]
[INFO] Compiling 27 source files to D:\SPS-workspace\jumbo-converters\jumbo-converters-compchem\jumbo-converters-compchem-common\target\classes
[INFO] [resources:testResources {execution: default-testResources}]
[INFO] Using 'UTF-8' encoding to copy filtered resources.
[INFO] Copying 4 resources
[INFO] [compiler:testCompile {execution: default-testCompile}]
[INFO] Compiling 1 source file to D:\SPS-workspace\jumbo-converters\jumbo-converters-compchem\jumbo-converters-compchem-common\target\test-classes
[INFO] [surefire:test {execution: default-test}]
[INFO] Surefire report directory: D:\SPS-workspace\jumbo-converters\jumbo-converters-compchem\jumbo-converters-compchem-common\target\surefire-reports

-------------------------------------------------------
 T E S T S
-------------------------------------------------------
Running org.xmlcml.cml.converters.compchem.CompchemTest
Tests run: 1, Failures: 0, Errors: 0, Skipped: 0, Time elapsed: 0.067 sec

Results :

Tests run: 1, Failures: 0, Errors: 0, Skipped: 0

[INFO] ------------------------------------------------------------------------
[INFO] Building jumbo-converters-compchem-testutils
[INFO]    task-segment: [clean, test]
[INFO] ------------------------------------------------------------------------
[INFO] [clean:clean {execution: default-clean}]
[INFO] Deleting D:\SPS-workspace\jumbo-converters\jumbo-converters-compchem\jumbo-converters-compchem-testutils\target
[INFO] [resources:resources {execution: default-resources}]
[INFO] Using 'UTF-8' encoding to copy filtered resources.
[INFO] skip non existing resourceDirectory D:\SPS-workspace\jumbo-converters\jumbo-converters-compchem\jumbo-converters-compchem-testutils\src\main\resources
[INFO] [compiler:compile {execution: default-compile}]
[INFO] Compiling 3 source files to D:\SPS-workspace\jumbo-converters\jumbo-converters-compchem\jumbo-converters-compchem-testutils\target\classes
[INFO] [resources:testResources {execution: default-testResources}]
[INFO] Using 'UTF-8' encoding to copy filtered resources.
[INFO] skip non existing resourceDirectory D:\SPS-workspace\jumbo-converters\jumbo-converters-compchem\jumbo-converters-compchem-testutils\src\test\resources
[INFO] [compiler:testCompile {execution: default-testCompile}]
[INFO] No sources to compile
[INFO] [surefire:test {execution: default-test}]
[INFO] No tests to run.
[INFO] Surefire report directory: D:\SPS-workspace\jumbo-converters\jumbo-converters-compchem\jumbo-converters-compchem-testutils\target\surefire-reports

-------------------------------------------------------
 T E S T S
-------------------------------------------------------
There are no tests to run.

Results :

Tests run: 0, Failures: 0, Errors: 0, Skipped: 0

[INFO] ------------------------------------------------------------------------
[INFO] Building jumbo-converters-compchem-amber
[INFO]    task-segment: [clean, test]
[INFO] ------------------------------------------------------------------------
[INFO] [clean:clean {execution: default-clean}]
[INFO] Deleting D:\SPS-workspace\jumbo-converters\jumbo-converters-compchem\jumbo-converters-compchem-amber\target
[INFO] [resources:resources {execution: default-resources}]
[INFO] Using 'UTF-8' encoding to copy filtered resources.
[INFO] Copying 29 resources
[INFO] [compiler:compile {execution: default-compile}]
[INFO] Compiling 10 source files to D:\SPS-workspace\jumbo-converters\jumbo-converters-compchem\jumbo-converters-compchem-amber\target\classes
[INFO] [resources:testResources {execution: default-testResources}]
[INFO] Using 'UTF-8' encoding to copy filtered resources.
[INFO] Copying 40 resources
[INFO] [compiler:testCompile {execution: default-testCompile}]
[INFO] Compiling 3 source files to D:\SPS-workspace\jumbo-converters\jumbo-converters-compchem\jumbo-converters-compchem-amber\target\test-classes
[INFO] [surefire:test {execution: default-test}]
[INFO] Surefire report directory: D:\SPS-workspace\jumbo-converters\jumbo-converters-compchem\jumbo-converters-compchem-amber\target\surefire-reports

-------------------------------------------------------
 T E S T S
-------------------------------------------------------
Running org.xmlcml.cml.converters.compchem.amber.in.ConverterTest
Tests run: 1, Failures: 0, Errors: 0, Skipped: 1, Time elapsed: 0.036 sec
Running org.xmlcml.cml.converters.compchem.amber.mdout.ConverterTest
Tests run: 1, Failures: 0, Errors: 0, Skipped: 1, Time elapsed: 0.001 sec
Running org.xmlcml.cml.converters.compchem.amber.RegressionTest
Tests run: 1, Failures: 0, Errors: 0, Skipped: 1, Time elapsed: 0.034 sec

Results :

Tests run: 3, Failures: 0, Errors: 0, Skipped: 3

[INFO] ------------------------------------------------------------------------
[INFO] Building jumbo-converters-compchem-dalton
[INFO]    task-segment: [clean, test]
[INFO] ------------------------------------------------------------------------
[INFO] [clean:clean {execution: default-clean}]
[INFO] Deleting D:\SPS-workspace\jumbo-converters\jumbo-converters-compchem\jumbo-converters-compchem-dalton\target
[INFO] [resources:resources {execution: default-resources}]
[INFO] Using 'UTF-8' encoding to copy filtered resources.
[INFO] Copying 34 resources
[INFO] [compiler:compile {execution: default-compile}]
[INFO] Compiling 5 source files to D:\SPS-workspace\jumbo-converters\jumbo-converters-compchem\jumbo-converters-compchem-dalton\target\classes
[INFO] [resources:testResources {execution: default-testResources}]
[INFO] Using 'UTF-8' encoding to copy filtered resources.
[INFO] Copying 2 resources
[INFO] [compiler:testCompile {execution: default-testCompile}]
[INFO] Compiling 2 source files to D:\SPS-workspace\jumbo-converters\jumbo-converters-compchem\jumbo-converters-compchem-dalton\target\test-classes
[INFO] [surefire:test {execution: default-test}]
[INFO] Surefire report directory: D:\SPS-workspace\jumbo-converters\jumbo-converters-compchem\jumbo-converters-compchem-dalton\target\surefire-reports

-------------------------------------------------------
 T E S T S
-------------------------------------------------------
Running org.xmlcml.cml.converters.compchem.dalton.log.ConverterTest
Tests run: 3, Failures: 0, Errors: 0, Skipped: 2, Time elapsed: 0.136 sec
Running org.xmlcml.cml.converters.compchem.dalton.RegressionTest
Tests run: 1, Failures: 0, Errors: 0, Skipped: 1, Time elapsed: 0.001 sec

Results :

Tests run: 4, Failures: 0, Errors: 0, Skipped: 3

[INFO] ------------------------------------------------------------------------
[INFO] Building jumbo-converters-compchem-gamessuk
[INFO]    task-segment: [clean, test]
[INFO] ------------------------------------------------------------------------
[INFO] [clean:clean {execution: default-clean}]
[INFO] Deleting D:\SPS-workspace\jumbo-converters\jumbo-converters-compchem\jumbo-converters-compchem-gamessuk\target
[INFO] [resources:resources {execution: default-resources}]
[INFO] Using 'UTF-8' encoding to copy filtered resources.
[INFO] Copying 28 resources
[INFO] [compiler:compile {execution: default-compile}]
[INFO] Compiling 8 source files to D:\SPS-workspace\jumbo-converters\jumbo-converters-compchem\jumbo-converters-compchem-gamessuk\target\classes
[INFO] [resources:testResources {execution: default-testResources}]
[INFO] Using 'UTF-8' encoding to copy filtered resources.
[INFO] Copying 26 resources
[INFO] [compiler:testCompile {execution: default-testCompile}]
[INFO] Compiling 2 source files to D:\SPS-workspace\jumbo-converters\jumbo-converters-compchem\jumbo-converters-compchem-gamessuk\target\test-classes
[INFO] [surefire:test {execution: default-test}]
[INFO] Surefire report directory: D:\SPS-workspace\jumbo-converters\jumbo-converters-compchem\jumbo-converters-compchem-gamessuk\target\surefire-reports

-------------------------------------------------------
 T E S T S
-------------------------------------------------------
Running org.xmlcml.cml.converters.compchem.gamessuk.RegressionTest
Tests run: 1, Failures: 0, Errors: 0, Skipped: 1, Time elapsed: 0.033 sec

Results :

Tests run: 1, Failures: 0, Errors: 0, Skipped: 1

[INFO] ------------------------------------------------------------------------
[INFO] Building jumbo-converters-compchem-gamessus
[INFO]    task-segment: [clean, test]
[INFO] ------------------------------------------------------------------------
[INFO] [clean:clean {execution: default-clean}]
[INFO] Deleting D:\SPS-workspace\jumbo-converters\jumbo-converters-compchem\jumbo-converters-compchem-gamessus\target
[INFO] [resources:resources {execution: default-resources}]
[INFO] Using 'UTF-8' encoding to copy filtered resources.
[INFO] Copying 12 resources
[INFO] [compiler:compile {execution: default-compile}]
[INFO] Compiling 10 source files to D:\SPS-workspace\jumbo-converters\jumbo-converters-compchem\jumbo-converters-compchem-gamessus\target\classes
[INFO] [resources:testResources {execution: default-testResources}]
[INFO] Using 'UTF-8' encoding to copy filtered resources.
[INFO] Copying 147 resources
[INFO] [compiler:testCompile {execution: default-testCompile}]
[INFO] Compiling 4 source files to D:\SPS-workspace\jumbo-converters\jumbo-converters-compchem\jumbo-converters-compchem-gamessus\target\test-classes
[INFO] [surefire:test {execution: default-test}]
[INFO] Surefire report directory: D:\SPS-workspace\jumbo-converters\jumbo-converters-compchem\jumbo-converters-compchem-gamessus\target\surefire-reports

-------------------------------------------------------
 T E S T S
-------------------------------------------------------
Running org.xmlcml.cml.converters.compchem.gamessus.log.ConverterTest
Tests run: 1, Failures: 0, Errors: 0, Skipped: 1, Time elapsed: 0.035 sec
Running org.xmlcml.cml.converters.compchem.gamessus.log.RegressionTest
Tests run: 1, Failures: 0, Errors: 0, Skipped: 1, Time elapsed: 0.002 sec
Running org.xmlcml.cml.converters.compchem.gamessus.RegressionTest
Tests run: 1, Failures: 0, Errors: 0, Skipped: 1, Time elapsed: 0.001 sec
Running org.xmlcml.cml.converters.compchem.TestUtils
Tests run: 1, Failures: 0, Errors: 0, Skipped: 0, Time elapsed: 0.038 sec

Results :

Tests run: 4, Failures: 0, Errors: 0, Skipped: 3

[INFO] ------------------------------------------------------------------------
[INFO] Building jumbo-converters-compchem-gaussian
[INFO]    task-segment: [clean, test]
[INFO] ------------------------------------------------------------------------
[INFO] [clean:clean {execution: default-clean}]
[INFO] Deleting D:\SPS-workspace\jumbo-converters\jumbo-converters-compchem\jumbo-converters-compchem-gaussian\target
[INFO] [resources:resources {execution: default-resources}]
[INFO] Using 'UTF-8' encoding to copy filtered resources.
[INFO] Copying 125 resources
[WARNING] POM for 'cml:jumbo-converters-marker:pom:0.3-SNAPSHOT:compile' is invalid.

Its dependencies (if any) will NOT be available to the current build.
[INFO] [compiler:compile {execution: default-compile}]
[INFO] Compiling 36 source files to D:\SPS-workspace\jumbo-converters\jumbo-converters-compchem\jumbo-converters-compchem-gaussian\target\classes
[INFO] [resources:testResources {execution: default-testResources}]
[INFO] Using 'UTF-8' encoding to copy filtered resources.
[INFO] Copying 240 resources
[INFO] [compiler:testCompile {execution: default-testCompile}]
[INFO] Compiling 5 source files to D:\SPS-workspace\jumbo-converters\jumbo-converters-compchem\jumbo-converters-compchem-gaussian\target\test-classes
[INFO] [surefire:test {execution: default-test}]
[INFO] Surefire report directory: D:\SPS-workspace\jumbo-converters\jumbo-converters-compchem\jumbo-converters-compchem-gaussian\target\surefire-reports

-------------------------------------------------------
 T E S T S
-------------------------------------------------------
Running org.xmlcml.cml.converters.compchem.gaussian.archive.RegressionTest
Tests run: 1, Failures: 0, Errors: 0, Skipped: 1, Time elapsed: 0.032 sec
Running org.xmlcml.cml.converters.compchem.gaussian.CompChemConventionTest
*** Must have a template for reparse ***
*** Must have a template for reparse ***
*** Must have a template for reparse ***
0    [main] WARN  org.xmlcml.cml.converters.text.TransformElement  - Cannot parse/set date/duration: 0 days  0 hours  0 minutes 16.2 seconds. (format='DHMS'); java.lang.ClassCastException: org.joda.time.Duration cannot be cast to org.joda.time.DateTime
*** Must have a template for reparse ***
1646 [main] WARN  org.xmlcml.cml.converters.text.TransformElement  - Cannot parse/set date/duration: 0 days  0 hours  0 minutes 12.7 seconds. (format='DHMS'); java.lang.ClassCastException: org.joda.time.Duration cannot be cast to org.joda.time.DateTime
4538 [main] DEBUG org.xmlcml.cml.converters.text.TransformElement  - null toXpath: //cml:module[@id='calculation']
4556 [main] DEBUG org.xmlcml.cml.converters.text.TransformElement  - null toXpath: /cml:module/cml:module[@id='calculation']
Tests run: 21, Failures: 0, Errors: 0, Skipped: 0, Time elapsed: 14.184 sec
Running org.xmlcml.cml.converters.compchem.gaussian.log.GaussianLog2XMLConverterTest
*** Must have a template for reparse ***
*** Must have a template for reparse ***
*** Must have a template for reparse ***
12792 [main] WARN  org.xmlcml.cml.converters.text.TransformElement  - Cannot parse/set date/duration: 0 days  0 hours  0 minutes 16.2 seconds. (format='DHMS'); java.lang.ClassCastException: org.joda.time.Duration cannot be cast to org.joda.time.DateTime
*** Must have a template for reparse ***
13272 [main] WARN  org.xmlcml.cml.converters.text.TransformElement  - Cannot parse/set date/duration: 0 days  0 hours  0 minutes 12.7 seconds. (format='DHMS'); java.lang.ClassCastException: org.joda.time.Duration cannot be cast to org.joda.time.DateTime
Tests run: 2, Failures: 0, Errors: 0, Skipped: 1, Time elapsed: 7.88 sec
Running org.xmlcml.cml.converters.compchem.gaussian.log.TemplateTest
13512 [main] WARN  org.xmlcml.cml.converters.text.TransformElement  - Cannot parse/set date/duration: 0 days  0 hours  0 minutes 12.7 seconds. (format='DHMS'); java.lang.ClassCastException: org.joda.time.Duration cannot be cast to org.joda.time.DateTime
*** Must have a template for reparse ***
Tests run: 80, Failures: 0, Errors: 0, Skipped: 10, Time elapsed: 3.315 sec
Running org.xmlcml.cml.converters.compchem.gaussian.RegressionTest
Tests run: 2, Failures: 0, Errors: 0, Skipped: 2, Time elapsed: 0.003 sec

Results :

Tests run: 106, Failures: 0, Errors: 0, Skipped: 14

[INFO] ------------------------------------------------------------------------
[INFO] Building jumbo-converters-compchem-jaguar
[INFO]    task-segment: [clean, test]
[INFO] ------------------------------------------------------------------------
[INFO] [clean:clean {execution: default-clean}]
[INFO] Deleting D:\SPS-workspace\jumbo-converters\jumbo-converters-compchem\jumbo-converters-compchem-jaguar\target
[INFO] [resources:resources {execution: default-resources}]
[INFO] Using 'UTF-8' encoding to copy filtered resources.
[INFO] Copying 41 resources
[INFO] [compiler:compile {execution: default-compile}]
[INFO] Compiling 5 source files to D:\SPS-workspace\jumbo-converters\jumbo-converters-compchem\jumbo-converters-compchem-jaguar\target\classes
[INFO] [resources:testResources {execution: default-testResources}]
[INFO] Using 'UTF-8' encoding to copy filtered resources.
[INFO] Copying 3 resources
[INFO] [compiler:testCompile {execution: default-testCompile}]
[INFO] Compiling 2 source files to D:\SPS-workspace\jumbo-converters\jumbo-converters-compchem\jumbo-converters-compchem-jaguar\target\test-classes
[INFO] [surefire:test {execution: default-test}]
[INFO] Surefire report directory: D:\SPS-workspace\jumbo-converters\jumbo-converters-compchem\jumbo-converters-compchem-jaguar\target\surefire-reports

-------------------------------------------------------
 T E S T S
-------------------------------------------------------
Running org.xmlcml.cml.converters.compchem.jaguar.log.ConverterTest
Tests run: 3, Failures: 0, Errors: 0, Skipped: 2, Time elapsed: 0.396 sec

Results :

Tests run: 3, Failures: 0, Errors: 0, Skipped: 2

[INFO] ------------------------------------------------------------------------
[INFO] Building jumbo-converters-compchem-misc
[INFO]    task-segment: [clean, test]
[INFO] ------------------------------------------------------------------------
[INFO] [clean:clean {execution: default-clean}]
[INFO] Deleting D:\SPS-workspace\jumbo-converters\jumbo-converters-compchem\jumbo-converters-compchem-misc\target
[INFO] [resources:resources {execution: default-resources}]
[INFO] Using 'UTF-8' encoding to copy filtered resources.
[INFO] Copying 6 resources
[INFO] [compiler:compile {execution: default-compile}]
[INFO] Compiling 20 source files to D:\SPS-workspace\jumbo-converters\jumbo-converters-compchem\jumbo-converters-compchem-misc\target\classes
[INFO] [resources:testResources {execution: default-testResources}]
[INFO] Using 'UTF-8' encoding to copy filtered resources.
[INFO] Copying 37 resources
[INFO] [compiler:testCompile {execution: default-testCompile}]
[INFO] Compiling 4 source files to D:\SPS-workspace\jumbo-converters\jumbo-converters-compchem\jumbo-converters-compchem-misc\target\test-classes
[INFO] [surefire:test {execution: default-test}]
[INFO] Surefire report directory: D:\SPS-workspace\jumbo-converters\jumbo-converters-compchem\jumbo-converters-compchem-misc\target\surefire-reports

-------------------------------------------------------
 T E S T S
-------------------------------------------------------
Running gigadot.semsci.converters.chem.uri.DefaultURIUUIDGeneratorTest
Test for 10000 took 388
Tests run: 2, Failures: 0, Errors: 0, Skipped: 0, Time elapsed: 0.464 sec
Running org.xmlcml.cml.converters.compchem.foo.RegressionTest
Tests run: 1, Failures: 0, Errors: 0, Skipped: 1, Time elapsed: 0.003 sec
Running org.xmlcml.cml.converters.compchem.rdf.RegressionTest
Tests run: 2, Failures: 0, Errors: 0, Skipped: 1, Time elapsed: 0.005 sec
Running org.xmlcml.cml.converters.compchem.TestUtils
Tests run: 1, Failures: 0, Errors: 0, Skipped: 0, Time elapsed: 0.003 sec

Results :

Tests run: 6, Failures: 0, Errors: 0, Skipped: 2

[INFO] ------------------------------------------------------------------------
[INFO] Building jumbo-converters-compchem-molcas
[INFO]    task-segment: [clean, test]
[INFO] ------------------------------------------------------------------------
[INFO] [clean:clean {execution: default-clean}]
[INFO] Deleting D:\SPS-workspace\jumbo-converters\jumbo-converters-compchem\jumbo-converters-compchem-molcas\target
[INFO] [resources:resources {execution: default-resources}]
[INFO] Using 'UTF-8' encoding to copy filtered resources.
[INFO] Copying 20 resources
[INFO] [compiler:compile {execution: default-compile}]
[INFO] Compiling 5 source files to D:\SPS-workspace\jumbo-converters\jumbo-converters-compchem\jumbo-converters-compchem-molcas\target\classes
[INFO] [resources:testResources {execution: default-testResources}]
[INFO] Using 'UTF-8' encoding to copy filtered resources.
[INFO] Copying 28 resources
[INFO] [compiler:testCompile {execution: default-testCompile}]
[INFO] Compiling 2 source files to D:\SPS-workspace\jumbo-converters\jumbo-converters-compchem\jumbo-converters-compchem-molcas\target\test-classes
[INFO] [surefire:test {execution: default-test}]
[INFO] Surefire report directory: D:\SPS-workspace\jumbo-converters\jumbo-converters-compchem\jumbo-converters-compchem-molcas\target\surefire-reports

-------------------------------------------------------
 T E S T S
-------------------------------------------------------
Running org.xmlcml.cml.converters.compchem.molcas.log.ConverterTest
Tests run: 3, Failures: 0, Errors: 0, Skipped: 2, Time elapsed: 0.143 sec
Running org.xmlcml.cml.converters.compchem.molcas.RegressionTest
Tests run: 1, Failures: 0, Errors: 0, Skipped: 1, Time elapsed: 0.002 sec

Results :

Tests run: 4, Failures: 0, Errors: 0, Skipped: 3

[INFO] ------------------------------------------------------------------------
[INFO] Building jumbo-converters-compchem-mopac
[INFO]    task-segment: [clean, test]
[INFO] ------------------------------------------------------------------------
[INFO] [clean:clean {execution: default-clean}]
[INFO] Deleting D:\SPS-workspace\jumbo-converters\jumbo-converters-compchem\jumbo-converters-compchem-mopac\target
[INFO] [resources:resources {execution: default-resources}]
[INFO] Using 'UTF-8' encoding to copy filtered resources.
[INFO] Copying 20 resources
[INFO] [compiler:compile {execution: default-compile}]
[INFO] Compiling 5 source files to D:\SPS-workspace\jumbo-converters\jumbo-converters-compchem\jumbo-converters-compchem-mopac\target\classes
[INFO] [resources:testResources {execution: default-testResources}]
[INFO] Using 'UTF-8' encoding to copy filtered resources.
[INFO] Copying 2 resources
[INFO] [compiler:testCompile {execution: default-testCompile}]
[INFO] Compiling 2 source files to D:\SPS-workspace\jumbo-converters\jumbo-converters-compchem\jumbo-converters-compchem-mopac\target\test-classes
[INFO] [surefire:test {execution: default-test}]
[INFO] Surefire report directory: D:\SPS-workspace\jumbo-converters\jumbo-converters-compchem\jumbo-converters-compchem-mopac\target\surefire-reports

-------------------------------------------------------
 T E S T S
-------------------------------------------------------
Running org.xmlcml.cml.converters.compchem.molcas.log.ConverterTest
Tests run: 3, Failures: 0, Errors: 0, Skipped: 2, Time elapsed: 0.199 sec
Running org.xmlcml.cml.converters.compchem.mopac.RegressionTest
Tests run: 1, Failures: 0, Errors: 0, Skipped: 1, Time elapsed: 0.003 sec

Results :

Tests run: 4, Failures: 0, Errors: 0, Skipped: 3

[INFO] ------------------------------------------------------------------------
[INFO] Building jumbo-converters-compchem-nwchem
[INFO]    task-segment: [clean, test]
[INFO] ------------------------------------------------------------------------
[INFO] [clean:clean {execution: default-clean}]
[INFO] Deleting D:\SPS-workspace\jumbo-converters\jumbo-converters-compchem\jumbo-converters-compchem-nwchem\target
[INFO] [resources:resources {execution: default-resources}]
[INFO] Using 'UTF-8' encoding to copy filtered resources.
[INFO] Copying 224 resources
[INFO] [compiler:compile {execution: default-compile}]
[INFO] Compiling 10 source files to D:\SPS-workspace\jumbo-converters\jumbo-converters-compchem\jumbo-converters-compchem-nwchem\target\classes
[INFO] [resources:testResources {execution: default-testResources}]
[INFO] Using 'UTF-8' encoding to copy filtered resources.
[INFO] Copying 196 resources
[INFO] [compiler:testCompile {execution: default-testCompile}]
[INFO] Compiling 8 source files to D:\SPS-workspace\jumbo-converters\jumbo-converters-compchem\jumbo-converters-compchem-nwchem\target\test-classes
[INFO] [surefire:test {execution: default-test}]
[INFO] Surefire report directory: D:\SPS-workspace\jumbo-converters\jumbo-converters-compchem\jumbo-converters-compchem-nwchem\target\surefire-reports

-------------------------------------------------------
 T E S T S
-------------------------------------------------------
Running org.xmlcml.cml.converters.compchem.nwchem.CompChemConventionTest
Tests run: 21, Failures: 0, Errors: 0, Skipped: 3, Time elapsed: 18.876 sec
Running org.xmlcml.cml.converters.compchem.nwchem.log.ConverterTest
Tests run: 8, Failures: 0, Errors: 0, Skipped: 7, Time elapsed: 0.025 sec
Running org.xmlcml.cml.converters.compchem.nwchem.log.NWChemLog2XMLConverterTest
Tests run: 1, Failures: 0, Errors: 0, Skipped: 0, Time elapsed: 7.482 sec
Running org.xmlcml.cml.converters.compchem.nwchem.RegressionTest
Tests run: 1, Failures: 0, Errors: 0, Skipped: 1, Time elapsed: 0.002 sec
Running org.xmlcml.cml.converters.compchem.TestUtils
Tests run: 1, Failures: 0, Errors: 0, Skipped: 0, Time elapsed: 0.002 sec

Results :

Tests run: 32, Failures: 0, Errors: 0, Skipped: 11

[INFO] ------------------------------------------------------------------------
[INFO] Building jumbo-converters-compchem-qespresso
[INFO]    task-segment: [clean, test]
[INFO] ------------------------------------------------------------------------
[INFO] [clean:clean {execution: default-clean}]
[INFO] Deleting D:\SPS-workspace\jumbo-converters\jumbo-converters-compchem\jumbo-converters-compchem-qespresso\target
[INFO] [resources:resources {execution: default-resources}]
[INFO] Using 'UTF-8' encoding to copy filtered resources.
[INFO] Copying 71 resources
[INFO] [compiler:compile {execution: default-compile}]
[INFO] Compiling 6 source files to D:\SPS-workspace\jumbo-converters\jumbo-converters-compchem\jumbo-converters-compchem-qespresso\target\classes
[INFO] [resources:testResources {execution: default-testResources}]
[INFO] Using 'UTF-8' encoding to copy filtered resources.
[INFO] Copying 22 resources
[INFO] [compiler:testCompile {execution: default-testCompile}]
[INFO] Compiling 2 source files to D:\SPS-workspace\jumbo-converters\jumbo-converters-compchem\jumbo-converters-compchem-qespresso\target\test-classes
[INFO] [surefire:test {execution: default-test}]
[INFO] Surefire report directory: D:\SPS-workspace\jumbo-converters\jumbo-converters-compchem\jumbo-converters-compchem-qespresso\target\surefire-reports

-------------------------------------------------------
 T E S T S
-------------------------------------------------------
Running org.xmlcml.cml.converters.compchem.qespresso.RegressionTest
Tests run: 1, Failures: 0, Errors: 0, Skipped: 0, Time elapsed: 0.078 sec
Running org.xmlcml.cml.converters.compchem.TestUtils
Tests run: 1, Failures: 0, Errors: 0, Skipped: 0, Time elapsed: 0.003 sec

Results :

Tests run: 2, Failures: 0, Errors: 0, Skipped: 0

[INFO] ------------------------------------------------------------------------
[INFO] Building jumbo-converters-compchem-turbomole
[INFO]    task-segment: [clean, test]
[INFO] ------------------------------------------------------------------------
[INFO] [clean:clean {execution: default-clean}]
[INFO] Deleting D:\SPS-workspace\jumbo-converters\jumbo-converters-compchem\jumbo-converters-compchem-turbomole\target
[INFO] [resources:resources {execution: default-resources}]
[INFO] Using 'UTF-8' encoding to copy filtered resources.
[INFO] Copying 13 resources
[INFO] [compiler:compile {execution: default-compile}]
[INFO] Compiling 5 source files to D:\SPS-workspace\jumbo-converters\jumbo-converters-compchem\jumbo-converters-compchem-turbomole\target\classes
[INFO] [resources:testResources {execution: default-testResources}]
[INFO] Using 'UTF-8' encoding to copy filtered resources.
[INFO] Copying 3 resources
[INFO] [compiler:testCompile {execution: default-testCompile}]
[INFO] Compiling 1 source file to D:\SPS-workspace\jumbo-converters\jumbo-converters-compchem\jumbo-converters-compchem-turbomole\target\test-classes
[INFO] [surefire:test {execution: default-test}]
[INFO] Surefire report directory: D:\SPS-workspace\jumbo-converters\jumbo-converters-compchem\jumbo-converters-compchem-turbomole\target\surefire-reports

-------------------------------------------------------
 T E S T S
-------------------------------------------------------
Running org.xmlcml.cml.converters.compchem.turbomole.log.ConverterTest
Tests run: 3, Failures: 0, Errors: 0, Skipped: 2, Time elapsed: 0.137 sec

Results :

Tests run: 3, Failures: 0, Errors: 0, Skipped: 2

[INFO] ------------------------------------------------------------------------
[INFO] Building jumbo-converters-molecule
[INFO]    task-segment: [clean, test]
[INFO] ------------------------------------------------------------------------
[INFO] [clean:clean {execution: default-clean}]
[INFO] Deleting D:\SPS-workspace\jumbo-converters\jumbo-converters-molecule\target
[INFO] [resources:resources {execution: default-resources}]
[INFO] Using 'UTF-8' encoding to copy filtered resources.
[INFO] Copying 2 resources
[INFO] [compiler:compile {execution: default-compile}]
[INFO] Compiling 26 source files to D:\SPS-workspace\jumbo-converters\jumbo-converters-molecule\target\classes
[INFO] [resources:testResources {execution: default-testResources}]
[INFO] Using 'UTF-8' encoding to copy filtered resources.
[INFO] Copying 63 resources
[INFO] [compiler:testCompile {execution: default-testCompile}]
[INFO] Compiling 4 source files to D:\SPS-workspace\jumbo-converters\jumbo-converters-molecule\target\test-classes
[INFO] [surefire:test {execution: default-test}]
[INFO] Surefire report directory: D:\SPS-workspace\jumbo-converters\jumbo-converters-molecule\target\surefire-reports

-------------------------------------------------------
 T E S T S
-------------------------------------------------------
Running org.xmlcml.cml.converters.molecule.filter.AtomCountFilterTest
Tests run: 7, Failures: 0, Errors: 0, Skipped: 0, Time elapsed: 5.117 sec
Running org.xmlcml.cml.converters.molecule.filter.AtomicNumberFilterTest
Tests run: 3, Failures: 0, Errors: 0, Skipped: 0, Time elapsed: 0.072 sec
Running org.xmlcml.cml.converters.molecule.filter.MoleculeMassFilterTest
Tests run: 4, Failures: 0, Errors: 0, Skipped: 0, Time elapsed: 0.081 sec
Running org.xmlcml.cml.converters.molecule.RegressionTest
0    [main] WARN  org.xmlcml.cml.converters.testutils.RegressionSuite  - Cannot compare non-xml files
40   [main] WARN  org.xmlcml.cml.converters.testutils.RegressionSuite  - Cannot compare non-xml files
3930 [main] WARN  org.xmlcml.cml.converters.testutils.RegressionSuite  - Cannot compare non-xml files
Tests run: 7, Failures: 0, Errors: 0, Skipped: 0, Time elapsed: 7.733 sec

Results :

Tests run: 21, Failures: 0, Errors: 0, Skipped: 0

[INFO] ------------------------------------------------------------------------
[INFO] Building jumbo-converters-graphics
[INFO]    task-segment: [clean, test]
[INFO] ------------------------------------------------------------------------
[INFO] [clean:clean {execution: default-clean}]
[INFO] Deleting D:\SPS-workspace\jumbo-converters\jumbo-converters-graphics\target
[INFO] [resources:resources {execution: default-resources}]
[INFO] Using 'UTF-8' encoding to copy filtered resources.
[INFO] Copying 1 resource
[WARNING] POM for 'net.sf.jnati:jnati-core:pom:0.3-SNAPSHOT:compile' is invalid.

Its dependencies (if any) will NOT be available to the current build.
[INFO] [compiler:compile {execution: default-compile}]
[INFO] Compiling 46 source files to D:\SPS-workspace\jumbo-converters\jumbo-converters-graphics\target\classes
[INFO] [resources:testResources {execution: default-testResources}]
[INFO] Using 'UTF-8' encoding to copy filtered resources.
[INFO] Copying 157 resources
[INFO] [compiler:testCompile {execution: default-testCompile}]
[INFO] Compiling 4 source files to D:\SPS-workspace\jumbo-converters\jumbo-converters-graphics\target\test-classes
[INFO] [surefire:test {execution: default-test}]
[INFO] Surefire report directory: D:\SPS-workspace\jumbo-converters\jumbo-converters-graphics\target\surefire-reports

-------------------------------------------------------
 T E S T S
-------------------------------------------------------
Running org.xmlcml.cml.converters.graphics.osra.Graphics2CMLConverterTest
Tests run: 3, Failures: 0, Errors: 0, Skipped: 2, Time elapsed: 0.166 sec
Running org.xmlcml.cml.converters.graphics.png.CML2PNGConverterTest
Tests run: 3, Failures: 0, Errors: 0, Skipped: 1, Time elapsed: 10.265 sec
Running org.xmlcml.cml.converters.graphics.svg.CML2SVGConverterTest
Tests run: 3, Failures: 0, Errors: 0, Skipped: 2, Time elapsed: 0.389 sec
Running org.xmlcml.cml.converters.graphics.svg.elements.SVGChemPathTest
Tests run: 28, Failures: 0, Errors: 0, Skipped: 17, Time elapsed: 0.32 sec

Results :

Tests run: 37, Failures: 0, Errors: 0, Skipped: 22

[INFO] ------------------------------------------------------------------------
[INFO] Building jumbo-converters-reaction
[INFO]    task-segment: [clean, test]
[INFO] ------------------------------------------------------------------------
[INFO] [clean:clean {execution: default-clean}]
[INFO] Deleting D:\SPS-workspace\jumbo-converters\jumbo-converters-reaction\target
[INFO] [resources:resources {execution: default-resources}]
[INFO] Using 'UTF-8' encoding to copy filtered resources.
[INFO] Copying 1 resource
[INFO] [compiler:compile {execution: default-compile}]
[INFO] Compiling 9 source files to D:\SPS-workspace\jumbo-converters\jumbo-converters-reaction\target\classes
[INFO] [resources:testResources {execution: default-testResources}]
[INFO] Using 'UTF-8' encoding to copy filtered resources.
[INFO] Copying 9 resources
[INFO] [compiler:testCompile {execution: default-testCompile}]
[INFO] No sources to compile
[INFO] [surefire:test {execution: default-test}]
[INFO] Surefire report directory: D:\SPS-workspace\jumbo-converters\jumbo-converters-reaction\target\surefire-reports

-------------------------------------------------------
 T E S T S
-------------------------------------------------------
There are no tests to run.

Results :

Tests run: 0, Failures: 0, Errors: 0, Skipped: 0

[INFO] ------------------------------------------------------------------------
[INFO] Building jumbo-converters-spectrum
[INFO]    task-segment: [clean, test]
[INFO] ------------------------------------------------------------------------
[INFO] [clean:clean {execution: default-clean}]
[INFO] Deleting D:\SPS-workspace\jumbo-converters\jumbo-converters-spectrum\target
[INFO] [resources:resources {execution: default-resources}]
[INFO] Using 'UTF-8' encoding to copy filtered resources.
[INFO] Copying 4 resources
[INFO] [compiler:compile {execution: default-compile}]
[INFO] Compiling 27 source files to D:\SPS-workspace\jumbo-converters\jumbo-converters-spectrum\target\classes
[INFO] [resources:testResources {execution: default-testResources}]
[INFO] Using 'UTF-8' encoding to copy filtered resources.
[INFO] Copying 52 resources
[INFO] [compiler:testCompile {execution: default-testCompile}]
[INFO] Compiling 11 source files to D:\SPS-workspace\jumbo-converters\jumbo-converters-spectrum\target\test-classes
[INFO] [surefire:test {execution: default-test}]
[INFO] Surefire report directory: D:\SPS-workspace\jumbo-converters\jumbo-converters-spectrum\target\surefire-reports

-------------------------------------------------------
 T E S T S
-------------------------------------------------------
Running org.xmlcml.cml.converters.spectrum.agilent.RegressionTest
Tests run: 1, Failures: 0, Errors: 0, Skipped: 1, Time elapsed: 0.215 sec
Running org.xmlcml.cml.converters.spectrum.bruker.RegressionTest
Tests run: 1, Failures: 0, Errors: 0, Skipped: 1, Time elapsed: 0.005 sec
Running org.xmlcml.cml.converters.spectrum.graphics.svg2cml.RegressionTest
Tests run: 2, Failures: 0, Errors: 0, Skipped: 1, Time elapsed: 0.019 sec
Running org.xmlcml.cml.converters.spectrum.jdx.cml2jdx.RegressionTest
predefined units not available
0    [main] WARN  org.xmlcml.cml.converters.testutils.RegressionSuite  - Cannot compare non-xml files
Tests run: 1, Failures: 0, Errors: 0, Skipped: 0, Time elapsed: 8.479 sec
Running org.xmlcml.cml.converters.spectrum.jdx.jdx2cml.JCampTest
Tests run: 3, Failures: 0, Errors: 0, Skipped: 2, Time elapsed: 1.447 sec
Running org.xmlcml.cml.converters.spectrum.jdx.jdx2cml.RegressionTest
Tests run: 1, Failures: 0, Errors: 0, Skipped: 1, Time elapsed: 0.005 sec
Running org.xmlcml.cml.converters.spectrum.oscar.PeakTest
Tests run: 1, Failures: 0, Errors: 0, Skipped: 1, Time elapsed: 0.033 sec
Running org.xmlcml.cml.converters.spectrum.oscar.RegressionTest
Tests run: 1, Failures: 0, Errors: 0, Skipped: 0, Time elapsed: 0.286 sec
Running org.xmlcml.cml.converters.spectrum.oscar.ValueTest
Tests run: 1, Failures: 0, Errors: 0, Skipped: 0, Time elapsed: 0.004 sec
Running org.xmlcml.cml.converters.spectrum.svg.cml2svg.RegressionTest
Tests run: 1, Failures: 0, Errors: 0, Skipped: 0, Time elapsed: 0.378 sec
Running org.xmlcml.cml.converters.spectrum.svg.hnmr2svg.RegressionTest
Tests run: 2, Failures: 0, Errors: 0, Skipped: 1, Time elapsed: 0.004 sec

Results :

Tests run: 15, Failures: 0, Errors: 0, Skipped: 8

[INFO] ------------------------------------------------------------------------
[INFO] Building jumbo-converters-cli
[INFO]    task-segment: [clean, test]
[INFO] ------------------------------------------------------------------------
[INFO] [clean:clean {execution: default-clean}]
[INFO] Deleting D:\SPS-workspace\jumbo-converters\jumbo-converters-cli\target
[INFO] [resources:resources {execution: default-resources}]
[INFO] Using 'UTF-8' encoding to copy filtered resources.
[INFO] skip non existing resourceDirectory D:\SPS-workspace\jumbo-converters\jumbo-converters-cli\src\main\resources
[INFO] [compiler:compile {execution: default-compile}]
[INFO] Compiling 3 source files to D:\SPS-workspace\jumbo-converters\jumbo-converters-cli\target\classes
[INFO] [resources:testResources {execution: default-testResources}]
[INFO] Using 'UTF-8' encoding to copy filtered resources.
[INFO] skip non existing resourceDirectory D:\SPS-workspace\jumbo-converters\jumbo-converters-cli\src\test\resources
[INFO] [compiler:testCompile {execution: default-testCompile}]
[INFO] Compiling 3 source files to D:\SPS-workspace\jumbo-converters\jumbo-converters-cli\target\test-classes
[INFO] [surefire:test {execution: default-test}]
[INFO] Surefire report directory: D:\SPS-workspace\jumbo-converters\jumbo-converters-cli\target\surefire-reports

-------------------------------------------------------
 T E S T S
-------------------------------------------------------
Running org.xmlcml.cml.converters.cli.ConverterRegistryTest
reading file:/D:/SPS-workspace/jumbo-converters/jumbo-converters-core/target/classes/META-INF/jumbo-converters
reading file:/D:/SPS-workspace/jumbo-converters/jumbo-converters-chemdraw/target/classes/META-INF/jumbo-converters
0    [main] INFO  org.xmlcml.cml.converters.registry.ConverterInfo  - Created and added org.xmlcml.cml.converters.chemdraw.CDX2CDXMLConverter@71ce109a
7    [main] INFO  org.xmlcml.cml.converters.registry.ConverterInfo  - Created and added org.xmlcml.cml.converters.chemdraw.CDX2CMLConverter@683c03e1
17   [main] INFO  org.xmlcml.cml.converters.registry.ConverterInfo  - Created and added org.xmlcml.cml.converters.chemdraw.CDXML2CMLConverter@1804686d
reading file:/D:/SPS-workspace/jumbo-converters/jumbo-converters-cif/target/classes/META-INF/jumbo-converters
37   [main] INFO  org.xmlcml.cml.converters.registry.ConverterInfo  - Created and added org.xmlcml.cml.converters.cif.CIF2CIFXMLConverter@b5d7f70
41   [main] INFO  org.xmlcml.cml.converters.registry.ConverterInfo  - Created and added org.xmlcml.cml.converters.cif.CIF2CMLConverter@7f39425c
7046 [main] INFO  org.xmlcml.cml.converters.registry.ConverterInfo  - Created and added org.xmlcml.cml.converters.cif.CIFXML2CMLConverter@68757c30
7100 [main] INFO  org.xmlcml.cml.converters.registry.ConverterInfo  - Created and added org.xmlcml.cml.converters.cif.RawCML2CompleteCMLConverter@15cea3eb
reading file:/D:/SPS-workspace/jumbo-converters/jumbo-converters-compchem/jumbo-converters-compchem-amber/target/classes/META-INF/jumbo-converters
7119 [main] INFO  org.xmlcml.cml.converters.registry.ConverterInfo  - Created and added org.xmlcml.cml.converters.compchem.amber.in.AmberFF2XMLConverter@6c06bbce
reading jar:file:/C:/Users/pm286/.m2/repository/cml/jumbo-converters-compchem-cml/0.3-SNAPSHOT/jumbo-converters-compchem-cml-0.3-SNAPSHOT.jar!/META-INF/jumbo-converters
7139 [main] INFO  org.xmlcml.cml.converters.registry.ConverterInfo  - Created and added org.xmlcml.cml.converters.compchem.amber.in.AmberFFXML2CMLConverter@5fe2cae3
reading file:/D:/SPS-workspace/jumbo-converters/jumbo-converters-compchem/jumbo-converters-compchem-dalton/target/classes/META-INF/jumbo-converters
reading file:/D:/SPS-workspace/jumbo-converters/jumbo-converters-compchem/jumbo-converters-compchem-gamessuk/target/classes/META-INF/jumbo-converters
reading file:/D:/SPS-workspace/jumbo-converters/jumbo-converters-compchem/jumbo-converters-compchem-gamessus/target/classes/META-INF/jumbo-converters
reading file:/D:/SPS-workspace/jumbo-converters/jumbo-converters-compchem/jumbo-converters-compchem-gaussian/target/classes/META-INF/jumbo-converters
12258 [main] INFO  org.xmlcml.cml.converters.registry.ConverterInfo  - Created and added org.xmlcml.cml.converters.compchem.gaussian.log.GaussianLog2XMLConverter@3b204ae6
reading file:/D:/SPS-workspace/jumbo-converters/jumbo-converters-compchem/jumbo-converters-compchem-jaguar/target/classes/META-INF/jumbo-converters
12792 [main] INFO  org.xmlcml.cml.converters.registry.ConverterInfo  - Created and added org.xmlcml.cml.converters.compchem.jaguar.log.JaguarLog2XMLConverter@6b10b45d
reading file:/D:/SPS-workspace/jumbo-converters/jumbo-converters-compchem/jumbo-converters-compchem-molcas/target/classes/META-INF/jumbo-converters
reading file:/D:/SPS-workspace/jumbo-converters/jumbo-converters-compchem/jumbo-converters-compchem-mopac/target/classes/META-INF/jumbo-converters
reading file:/D:/SPS-workspace/jumbo-converters/jumbo-converters-compchem/jumbo-converters-compchem-nwchem/target/classes/META-INF/jumbo-converters
18482 [main] INFO  org.xmlcml.cml.converters.registry.ConverterInfo  - Created and added org.xmlcml.cml.converters.compchem.nwchem.log.NWChemLog2XMLConverter@3f26ea76
reading file:/D:/SPS-workspace/jumbo-converters/jumbo-converters-compchem/jumbo-converters-compchem-qespresso/target/classes/META-INF/jumbo-converters
reading file:/D:/SPS-workspace/jumbo-converters/jumbo-converters-compchem/jumbo-converters-compchem-turbomole/target/classes/META-INF/jumbo-converters
reading file:/D:/SPS-workspace/jumbo-converters/jumbo-converters-graphics/target/classes/META-INF/jumbo-converters
18513 [main] INFO  org.xmlcml.cml.converters.registry.ConverterInfo  - Created and added org.xmlcml.cml.converters.graphics.osra.Graphics2CMLConverter@77fdbc1e
18519 [main] INFO  org.xmlcml.cml.converters.registry.ConverterInfo  - Created and added org.xmlcml.cml.converters.graphics.png.CML2PNGConverter@549b26b6
18549 [main] INFO  org.xmlcml.cml.converters.registry.ConverterInfo  - Created and added org.xmlcml.cml.converters.graphics.svg.CML2SVGConverter@23a1d5f0
18563 [main] INFO  org.xmlcml.cml.converters.registry.ConverterInfo  - Created and added org.xmlcml.cml.converters.graphics.svg.SVG2CMLConverter@96a687b
reading file:/D:/SPS-workspace/jumbo-converters/jumbo-converters-molecule/target/classes/META-INF/jumbo-converters
18581 [main] INFO  org.xmlcml.cml.converters.registry.ConverterInfo  - Created and added org.xmlcml.cml.converters.molecule.cml.CML2CMLConverter@1d6e6bdb
18626 [main] INFO  org.xmlcml.cml.converters.registry.ConverterInfo  - Created and added org.xmlcml.cml.converters.molecule.mdl.CML2MDLConverter@3443a7af
18633 [main] INFO  org.xmlcml.cml.converters.registry.ConverterInfo  - Created and added org.xmlcml.cml.converters.molecule.mdl.MDL2CMLConverter@67997467
18641 [main] INFO  org.xmlcml.cml.converters.registry.ConverterInfo  - Created and added org.xmlcml.cml.converters.molecule.mdl.CML2SDFConverter@20536893
18647 [main] INFO  org.xmlcml.cml.converters.registry.ConverterInfo  - Created and added org.xmlcml.cml.converters.molecule.mdl.SDF2CMLConverter@440af967
18661 [main] INFO  org.xmlcml.cml.converters.registry.ConverterInfo  - Created and added org.xmlcml.cml.converters.molecule.pubchem.PubchemXML2CMLConverter@726e537c
18666 [main] INFO  org.xmlcml.cml.converters.registry.ConverterInfo  - Created and added org.xmlcml.cml.converters.molecule.xyz.CML2XYZConverter@4e335c8c
18673 [main] INFO  org.xmlcml.cml.converters.registry.ConverterInfo  - Created and added org.xmlcml.cml.converters.molecule.xyz.XYZ2CMLConverter@7b720133
reading file:/D:/SPS-workspace/jumbo-converters/jumbo-converters-reaction/target/classes/META-INF/jumbo-converters
reading file:/D:/SPS-workspace/jumbo-converters/jumbo-converters-spectrum/target/classes/META-INF/jumbo-converters
18725 [main] INFO  org.xmlcml.cml.converters.registry.ConverterInfo  - Created and added org.xmlcml.cml.converters.spectrum.jdx.cml2jdx.CMLSpect2JDXConverter@3b0d579
18749 [main] INFO  org.xmlcml.cml.converters.registry.ConverterInfo  - Created and added org.xmlcml.cml.converters.spectrum.jdx.jdx2cml.JDX2CMLConverter@46733294
18753 [main] INFO  org.xmlcml.cml.converters.registry.ConverterInfo  - Created and added org.xmlcml.cml.converters.spectrum.oscar.OSCAR2CMLSpectConverter@7219e580
18759 [main] INFO  org.xmlcml.cml.converters.registry.ConverterInfo  - Created and added org.xmlcml.cml.converters.spectrum.svg.hnmr2svg.CMLHNMRSpect2SVGConverter@727e8a11
18764 [main] INFO  org.xmlcml.cml.converters.registry.ConverterInfo  - Created and added org.xmlcml.cml.converters.spectrum.svg.cml2svg.CMLSpect2SVGConverter@4734f591
18769 [main] INFO  org.xmlcml.cml.converters.registry.ConverterInfo  - Created and added org.xmlcml.cml.converters.spectrum.graphics.svg2cml.SVG2CMLSpectConverter@3004be17
Tests run: 4, Failures: 0, Errors: 0, Skipped: 2, Time elapsed: 19.74 sec
Running org.xmlcml.cml.converters.cli.TestConverterCli
18867 [main] INFO  org.xmlcml.cml.converters.Converter  - Converter: org.xmlcml.cml.converters.spectrum.jdx.jdx2cml.JDX2CMLConverter@1893b64e
18867 [main] INFO  org.xmlcml.cml.converters.Converter  - input file: D:\SPS-workspace\jumbo-converters\jumbo-converters-cli\materials\in\spectrum.jdx
input file: D:\SPS-workspace\jumbo-converters\jumbo-converters-cli\materials\in\spectrum.jdx
19149 [main] WARN  org.jcamp.parser.JCAMPReader  - missing x unit
predefined units not available
19188 [main] WARN  org.jcamp.parser.JCAMPReader  - missing y unit
19188 [main] WARN  org.jcamp.parser.JCAMPReader  - missing x factor, assuming 1.0
19189 [main] WARN  org.jcamp.parser.JCAMPReader  - missing y factor, assuming 1.0
19316 [main] WARN  org.jcamp.parser.JCAMPReader  - missing required label ##OWNER=
19316 [main] WARN  org.jcamp.parser.JCAMPReader  - missing required label ##ORIGIN=
19439 [main] INFO  org.xmlcml.cml.converters.Converter  - Converter: null
19440 [main] INFO  org.xmlcml.cml.converters.Converter  - input file: D:\SPS-workspace\jumbo-converters\jumbo-converters-cli\junk
input file: D:\SPS-workspace\jumbo-converters\jumbo-converters-cli\junk
Tests run: 5, Failures: 0, Errors: 0, Skipped: 2, Time elapsed: 0.588 sec
Running org.xmlcml.cml.converters.cli.TestConverterRegistry
chemdraw-cdx; chemdraw-cdxml; Chemdraw CDX to CDXML conversion
chemdraw-cdx; chemdraw-cdx-cml; Chemdraw: CDX to CML
chemdraw-cdxml; chemdraw-cdx-cml; Chemdraw: CDXML to CML conversion
cif; cifxml; CIF to CIFXML
cif; cif-cml; CIF to CML converter
cifxml; cif-cml; CIFXML to CML converter
cif-raw-cml; cif-cml; Raw CIF CML to CML converter
amber-ff; amber-ff-xml; Amber-FF to Amber-FF-XML
amber-ff-xml; amber-ff-cml; Amber-FF-XML to Amber-FF-CML
gaussian_log; gaussian_log_xml; Convert Gaussian Log to XML
jaguar_log; jaguar_log_xml; Convert Jaguar Log to XML
nwchem_log; nwchem_log_xml; Convert NWChem log files to compchem
png; cml; convert structure diagram images to CML
cml; png; convert CML structure to PNG
cml; svg; convert CML structure to SVG
svg; cml; convert SVG (drawing primitives) to CML (heuristically)
cml; cml; null
cml; mdl_molfile; convert CML to MDL molfile
mdl_molfile; cml; convert MDL molfile to CML
cml; mdl_sdfile; null
mdl_sdfile; cml; converts MDL/SDFile to CML
pubchem; pubchem_xml; convert PubChem XML to XML
cml; xyz; convert CML to XYZ
xyz; cml; convert XYZ to CML
cml; jcamp-dx; convert CML to JCamp-DX
jcamp-dx; cml; convert JCAMP-DX to CML
oscar_data; cml; convert OSCAR-DATA to CMLSpect (peaks)
hnmr_cml; svg; null
cml_spect; svg; convert CMLSpect to SVG
spectrum_svg; cml; convert svg spectrum to CML
Tests run: 4, Failures: 0, Errors: 0, Skipped: 2, Time elapsed: 0.019 sec

Results :

Tests run: 13, Failures: 0, Errors: 0, Skipped: 6

[INFO] ------------------------------------------------------------------------
[INFO] Building jumbo-converters-compchem-dlpoly
[INFO]    task-segment: [clean, test]
[INFO] ------------------------------------------------------------------------
[INFO] [clean:clean {execution: default-clean}]
[INFO] Deleting D:\SPS-workspace\jumbo-converters\jumbo-converters-compchem\jumbo-converters-compchem-dlpoly\target
[INFO] [resources:resources {execution: default-resources}]
[INFO] Using 'UTF-8' encoding to copy filtered resources.
[INFO] Copying 10 resources
[INFO] [compiler:compile {execution: default-compile}]
[INFO] Compiling 8 source files to D:\SPS-workspace\jumbo-converters\jumbo-converters-compchem\jumbo-converters-compchem-dlpoly\target\classes
[INFO] [resources:testResources {execution: default-testResources}]
[INFO] Using 'UTF-8' encoding to copy filtered resources.
[INFO] Copying 5 resources
[INFO] [compiler:testCompile {execution: default-testCompile}]
[INFO] Compiling 4 source files to D:\SPS-workspace\jumbo-converters\jumbo-converters-compchem\jumbo-converters-compchem-dlpoly\target\test-classes
[INFO] [surefire:test {execution: default-test}]
[INFO] Surefire report directory: D:\SPS-workspace\jumbo-converters\jumbo-converters-compchem\jumbo-converters-compchem-dlpoly\target\surefire-reports

-------------------------------------------------------
 T E S T S
-------------------------------------------------------
Running org.xmlcml.cml.converters.compchem.dlpoly.config.ConverterTest
Tests run: 1, Failures: 0, Errors: 0, Skipped: 0, Time elapsed: 7.71 sec
Running org.xmlcml.cml.converters.compchem.dlpoly.config.RegressionTest
Tests run: 1, Failures: 0, Errors: 0, Skipped: 0, Time elapsed: 1.179 sec
Running org.xmlcml.cml.converters.compchem.dlpoly.log.RegressionTest
Tests run: 1, Failures: 0, Errors: 0, Skipped: 0, Time elapsed: 1.24 sec
Running org.xmlcml.cml.converters.compchem.dlpoly.log.TemplateTest
Tests run: 3, Failures: 0, Errors: 0, Skipped: 0, Time elapsed: 0.892 sec

Results :

Tests run: 6, Failures: 0, Errors: 0, Skipped: 0

[INFO] ------------------------------------------------------------------------
[INFO] Building jumbo-converters-compchem-dummy
[INFO]    task-segment: [clean, test]
[INFO] ------------------------------------------------------------------------
[INFO] [clean:clean {execution: default-clean}]
[INFO] Deleting D:\SPS-workspace\jumbo-converters\jumbo-converters-compchem\jumbo-converters-compchem-dummy\target
[INFO] [resources:resources {execution: default-resources}]
[INFO] Using 'UTF-8' encoding to copy filtered resources.
[INFO] Copying 5 resources
[INFO] [compiler:compile {execution: default-compile}]
[INFO] Compiling 8 source files to D:\SPS-workspace\jumbo-converters\jumbo-converters-compchem\jumbo-converters-compchem-dummy\target\classes
[INFO] [resources:testResources {execution: default-testResources}]
[INFO] Using 'UTF-8' encoding to copy filtered resources.
[INFO] Copying 5 resources
[INFO] [compiler:testCompile {execution: default-testCompile}]
[INFO] Compiling 4 source files to D:\SPS-workspace\jumbo-converters\jumbo-converters-compchem\jumbo-converters-compchem-dummy\target\test-classes
[INFO] [surefire:test {execution: default-test}]
[INFO] Surefire report directory: D:\SPS-workspace\jumbo-converters\jumbo-converters-compchem\jumbo-converters-compchem-dummy\target\surefire-reports

-------------------------------------------------------
 T E S T S
-------------------------------------------------------
Running org.xmlcml.cml.converters.compchem.dummy.log.RegressionTest
Tests run: 1, Failures: 0, Errors: 0, Skipped: 0, Time elapsed: 7.913 sec
Running org.xmlcml.cml.converters.compchem.dummy.log.TemplateTest
Tests run: 3, Failures: 0, Errors: 0, Skipped: 0, Time elapsed: 0.302 sec
Running org.xmlcml.cml.converters.compchem.dummy.mol.ConverterTest
0    [main] ERROR org.xmlcml.cml.converters.AbstractConverter  - Null XML for output - should have been trapped
Tests run: 1, Failures: 0, Errors: 0, Skipped: 0, Time elapsed: 0.045 sec
Running org.xmlcml.cml.converters.compchem.dummy.mol.RegressionTest
83   [main] WARN  org.xmlcml.cml.converters.testutils.RegressionSuite  - Cannot make or clean target\test\compchem\dummy\mol\out Unable to delete file: target\test\compchem\dummy\mol\out\test.xml
java.io.IOException: Unable to delete file: target\test\compchem\dummy\mol\out\test.xml
	at org.apache.commons.io.FileUtils.forceDelete(FileUtils.java:1643)
	at org.apache.commons.io.FileUtils.cleanDirectory(FileUtils.java:1268)
	at org.xmlcml.cml.converters.testutils.RegressionSuite.clean(RegressionSuite.java:331)
	at org.xmlcml.cml.converters.testutils.RegressionSuite.run(RegressionSuite.java:256)
	at org.xmlcml.cml.converters.testutils.RegressionSuite.run(RegressionSuite.java:58)
	at org.xmlcml.cml.converters.testutils.RegressionSuite.run(RegressionSuite.java:67)
	at org.xmlcml.cml.converters.compchem.dummy.mol.RegressionTest.dummyMol2CML(RegressionTest.java:14)
	at sun.reflect.NativeMethodAccessorImpl.invoke0(Native Method)
	at sun.reflect.NativeMethodAccessorImpl.invoke(NativeMethodAccessorImpl.java:57)
	at sun.reflect.DelegatingMethodAccessorImpl.invoke(DelegatingMethodAccessorImpl.java:43)
	at java.lang.reflect.Method.invoke(Method.java:601)
	at org.junit.runners.model.FrameworkMethod$1.runReflectiveCall(FrameworkMethod.java:44)
	at org.junit.internal.runners.model.ReflectiveCallable.run(ReflectiveCallable.java:15)
	at org.junit.runners.model.FrameworkMethod.invokeExplosively(FrameworkMethod.java:41)
	at org.junit.internal.runners.statements.InvokeMethod.evaluate(InvokeMethod.java:20)
	at org.junit.runners.BlockJUnit4ClassRunner.runNotIgnored(BlockJUnit4ClassRunner.java:79)
	at org.junit.runners.BlockJUnit4ClassRunner.runChild(BlockJUnit4ClassRunner.java:71)
	at org.junit.runners.BlockJUnit4ClassRunner.runChild(BlockJUnit4ClassRunner.java:49)
	at org.junit.runners.ParentRunner$3.run(ParentRunner.java:193)
	at org.junit.runners.ParentRunner$1.schedule(ParentRunner.java:52)
	at org.junit.runners.ParentRunner.runChildren(ParentRunner.java:191)
	at org.junit.runners.ParentRunner.access$000(ParentRunner.java:42)
	at org.junit.runners.ParentRunner$2.evaluate(ParentRunner.java:184)
	at org.junit.runners.ParentRunner.run(ParentRunner.java:236)
	at org.apache.maven.surefire.junit4.JUnit4TestSet.execute(JUnit4TestSet.java:35)
	at org.apache.maven.surefire.junit4.JUnit4Provider.executeTestSet(JUnit4Provider.java:146)
	at org.apache.maven.surefire.junit4.JUnit4Provider.invoke(JUnit4Provider.java:97)
	at sun.reflect.NativeMethodAccessorImpl.invoke0(Native Method)
	at sun.reflect.NativeMethodAccessorImpl.invoke(NativeMethodAccessorImpl.java:57)
	at sun.reflect.DelegatingMethodAccessorImpl.invoke(DelegatingMethodAccessorImpl.java:43)
	at java.lang.reflect.Method.invoke(Method.java:601)
	at org.apache.maven.surefire.booter.ProviderFactory$ClassLoaderProxy.invoke(ProviderFactory.java:103)
	at $Proxy0.invoke(Unknown Source)
	at org.apache.maven.surefire.booter.SurefireStarter.invokeProvider(SurefireStarter.java:145)
	at org.apache.maven.surefire.booter.SurefireStarter.runSuitesInProcess(SurefireStarter.java:87)
	at org.apache.maven.surefire.booter.ForkedBooter.main(ForkedBooter.java:69)
100  [main] ERROR org.xmlcml.cml.converters.AbstractConverter  - Null XML for output - should have been trapped
Tests run: 1, Failures: 0, Errors: 0, Skipped: 0, Time elapsed: 0.035 sec

Results :

Tests run: 6, Failures: 0, Errors: 0, Skipped: 0

[INFO] ------------------------------------------------------------------------
[INFO] Building jumbo-converters-compchem-all
[INFO]    task-segment: [clean, test]
[INFO] ------------------------------------------------------------------------
[INFO] [clean:clean {execution: default-clean}]
[INFO] No goals needed for project - skipping
[INFO] ------------------------------------------------------------------------
[INFO] Building jumbo-converters-compchem
[INFO]    task-segment: [clean, test]
[INFO] ------------------------------------------------------------------------
[INFO] [clean:clean {execution: default-clean}]
[INFO] No goals needed for project - skipping
[INFO] 
[INFO] 
[INFO] ------------------------------------------------------------------------
[INFO] Reactor Summary:
[INFO] ------------------------------------------------------------------------
[INFO] Jumbo-Converters ...................................... SUCCESS [0.455s]
[INFO] jumbo-converters-core ................................. SUCCESS [17.382s]
[INFO] jumbo-converters-testutils ............................ SUCCESS [2.909s]
[INFO] jumbo-converters-cif .................................. SUCCESS [34.421s]
[INFO] jumbo-converters-chemdraw ............................. SUCCESS [2.580s]
[INFO] jumbo-converters-compchem-common ...................... SUCCESS [3.148s]
[INFO] jumbo-converters-compchem-testutils ................... SUCCESS [1.435s]
[INFO] jumbo-converters-compchem-amber ....................... SUCCESS [3.468s]
[INFO] jumbo-converters-compchem-dalton ...................... SUCCESS [2.710s]
[INFO] jumbo-converters-compchem-gamessuk .................... SUCCESS [2.795s]
[INFO] jumbo-converters-compchem-gamessus .................... SUCCESS [4.394s]
[INFO] jumbo-converters-compchem-gaussian .................... SUCCESS [35.709s]
[INFO] jumbo-converters-compchem-jaguar ...................... SUCCESS [7.620s]
[INFO] jumbo-converters-compchem-misc ........................ SUCCESS [8.649s]
[INFO] jumbo-converters-compchem-molcas ...................... SUCCESS [2.965s]
[INFO] jumbo-converters-compchem-mopac ....................... SUCCESS [3.395s]
[INFO] jumbo-converters-compchem-nwchem ...................... SUCCESS [37.368s]
[INFO] jumbo-converters-compchem-qespresso ................... SUCCESS [5.937s]
[INFO] jumbo-converters-compchem-turbomole ................... SUCCESS [2.326s]
[INFO] jumbo-converters-molecule ............................. SUCCESS [20.469s]
[INFO] jumbo-converters-graphics ............................. SUCCESS [27.658s]
[INFO] jumbo-converters-reaction ............................. SUCCESS [4.404s]
[INFO] jumbo-converters-spectrum ............................. SUCCESS [23.130s]
[INFO] jumbo-converters-cli .................................. SUCCESS [27.955s]
[INFO] jumbo-converters-compchem-dlpoly ...................... SUCCESS [17.248s]
[INFO] jumbo-converters-compchem-dummy ....................... SUCCESS [13.774s]
[INFO] jumbo-converters-compchem-all ......................... SUCCESS [0.027s]
[INFO] jumbo-converters-compchem ............................. SUCCESS [0.017s]
[INFO] ------------------------------------------------------------------------
[INFO] ------------------------------------------------------------------------
[INFO] BUILD SUCCESSFUL
[INFO] ------------------------------------------------------------------------
[INFO] Total time: 5 minutes 15 seconds
[INFO] Finished at: Wed Jan 25 14:50:58 GMT 2012
[INFO] Final Memory: 247M/352M
[INFO] ------------------------------------------------------------------------
