[INFO] Scanning for projects...
[INFO] ------------------------------------------------------------------------
[INFO] Building jumbo-converters-spectrum
[INFO]    task-segment: [clean, install]
[INFO] ------------------------------------------------------------------------
[INFO] [clean:clean {execution: default-clean}]
[INFO] Deleting D:\SPS-workspace\jumbo-converters\jumbo-converters-spectrum\target
[INFO] [resources:resources {execution: default-resources}]
[INFO] Using 'UTF-8' encoding to copy filtered resources.
[INFO] Copying 2 resources
[WARNING] POM for 'net.sf.jnati:jnati-core:pom:0.3-SNAPSHOT:compile' is invalid.

Its dependencies (if any) will NOT be available to the current build.
[INFO] [compiler:compile {execution: default-compile}]
[INFO] Compiling 26 source files to D:\SPS-workspace\jumbo-converters\jumbo-converters-spectrum\target\classes
[INFO] [resources:testResources {execution: default-testResources}]
[INFO] Using 'UTF-8' encoding to copy filtered resources.
[INFO] Copying 47 resources
[INFO] [compiler:testCompile {execution: default-testCompile}]
[INFO] Compiling 11 source files to D:\SPS-workspace\jumbo-converters\jumbo-converters-spectrum\target\test-classes
[INFO] [surefire:test {execution: default-test}]
[INFO] Surefire report directory: D:\SPS-workspace\jumbo-converters\jumbo-converters-spectrum\target\surefire-reports

-------------------------------------------------------
 T E S T S
-------------------------------------------------------
Running org.xmlcml.cml.converters.spectrum.agilent.RegressionTest
Tests run: 1, Failures: 0, Errors: 0, Skipped: 1, Time elapsed: 0.069 sec
Running org.xmlcml.cml.converters.spectrum.bruker.RegressionTest
predefined units not available
Tests run: 1, Failures: 0, Errors: 0, Skipped: 0, Time elapsed: 4.859 sec
Running org.xmlcml.cml.converters.spectrum.graphics.svg2cml.RegressionTest
0    [main] WARN  org.xmlcml.euclid.Line2  - line has coincident points: (71.879,479.94) ... (71.879,479.94)
74   [main] WARN  org.xmlcml.euclid.Line2  - line has coincident points: (72.238,104.52) ... (72.238,104.52)
152  [main] WARN  org.xmlcml.euclid.Line2  - line has coincident points: (539.58,102.9) ... (539.58,102.9)
282  [main] DEBUG org.xmlcml.cml.graphics.GraphicsElement  - NODES 667
283  [main] DEBUG org.xmlcml.cml.graphics.GraphicsElement  - No transform applied to: class org.xmlcml.cml.graphics.SVGG
495  [main] DEBUG org.xmlcml.cml.graphics.GraphicsElement  - ... applied transformations
991  [main] WARN  org.xmlcml.cml.converters.spectrum.graphics.svg2cml.SVG2CMLSpectTool  - INCREASED LINE BOX with TEXT (0.0,-15.0)
992  [main] WARN  org.xmlcml.cml.converters.spectrum.graphics.svg2cml.SVG2CMLSpectTool  - INCREASED LINE BOX with TEXT (0.0,-14.700000000000045)
1030 [main] DEBUG org.xmlcml.cml.converters.spectrum.graphics.svg2cml.AxisTool  - T (-43.02,-290.76) / 1.0
1030 [main] DEBUG org.xmlcml.cml.converters.spectrum.graphics.svg2cml.AxisTool  - T (-89.76,-290.76) / 2.0
1030 [main] DEBUG org.xmlcml.cml.converters.spectrum.graphics.svg2cml.AxisTool  - T (-136.98,-290.76) / 3.0
1030 [main] DEBUG org.xmlcml.cml.converters.spectrum.graphics.svg2cml.AxisTool  - T (-183.72,-290.76) / 4.0
1030 [main] DEBUG org.xmlcml.cml.converters.spectrum.graphics.svg2cml.AxisTool  - T (-230.46,-290.76) / 5.0
1030 [main] DEBUG org.xmlcml.cml.converters.spectrum.graphics.svg2cml.AxisTool  - T (-277.2,-290.76) / 6.0
1030 [main] DEBUG org.xmlcml.cml.converters.spectrum.graphics.svg2cml.AxisTool  - T (-324.36,-290.76) / 7.0
1030 [main] DEBUG org.xmlcml.cml.converters.spectrum.graphics.svg2cml.AxisTool  - T (-371.1,-290.76) / 8.0
1030 [main] DEBUG org.xmlcml.cml.converters.spectrum.graphics.svg2cml.AxisTool  - T (-417.84,-290.76) / 9.0
1030 [main] DEBUG org.xmlcml.cml.converters.spectrum.graphics.svg2cml.AxisTool  - textTick NaN(0.0)NaN
1031 [main] INFO  org.xmlcml.cml.converters.spectrum.graphics.svg2cml.AxisTool  - Taking annotation as title ppm (t1)
1032 [main] WARN  org.xmlcml.cml.converters.spectrum.graphics.svg2cml.AxisTool  - BAD MAJOR TICK: 9 != 8
1033 [main] DEBUG org.xmlcml.cml.converters.spectrum.graphics.svg2cml.AxisTool  - ...-43.02 .. -38.52
1033 [main] DEBUG org.xmlcml.cml.converters.spectrum.graphics.svg2cml.AxisTool  - ...-417.84 .. -460.08
1033 [main] DEBUG org.xmlcml.cml.converters.spectrum.graphics.svg2cml.AxisTool  - ...-4.5/42.24000000000001
1033 [main] INFO  org.xmlcml.cml.converters.spectrum.graphics.svg2cml.AxisTool  - adjust end
1033 [main] DEBUG org.xmlcml.cml.converters.spectrum.graphics.svg2cml.AxisTool  - TICK Value: -0.021350413664264743 origin 8.317500000000003
1071 [main] DEBUG org.xmlcml.cml.converters.spectrum.graphics.svg2cml.AxisTool  - T (-117.24,-668.46) / 50
1071 [main] DEBUG org.xmlcml.cml.converters.spectrum.graphics.svg2cml.AxisTool  - T (-235.68,-668.46) / 100
1071 [main] DEBUG org.xmlcml.cml.converters.spectrum.graphics.svg2cml.AxisTool  - T (-352.8,-668.46) / 150
1071 [main] DEBUG org.xmlcml.cml.converters.spectrum.graphics.svg2cml.AxisTool  - textTick NaN(0.0)NaN
1072 [main] INFO  org.xmlcml.cml.converters.spectrum.graphics.svg2cml.AxisTool  - Taking annotation as title ppm (t1)
1073 [main] WARN  org.xmlcml.cml.converters.spectrum.graphics.svg2cml.AxisTool  - BAD MAJOR TICK: 3 != 2
1073 [main] DEBUG org.xmlcml.cml.converters.spectrum.graphics.svg2cml.AxisTool  - ...-117.24 .. -113.7
1073 [main] DEBUG org.xmlcml.cml.converters.spectrum.graphics.svg2cml.AxisTool  - ...-352.8 .. -464.4
1073 [main] DEBUG org.xmlcml.cml.converters.spectrum.graphics.svg2cml.AxisTool  - ...-3.539999999999992/111.59999999999997
1073 [main] INFO  org.xmlcml.cml.converters.spectrum.graphics.svg2cml.AxisTool  - adjust end
1073 [main] DEBUG org.xmlcml.cml.converters.spectrum.graphics.svg2cml.AxisTool  - TICK Value: -0.42767941151312977 origin 3.2099999999999937
1294 [main] WARN  org.xmlcml.euclid.Line2  - line has coincident points: (72.059,481.08) ... (72.059,481.08)
1351 [main] WARN  org.xmlcml.euclid.Line2  - line has coincident points: (72.059,103.38) ... (72.059,103.38)
1383 [main] WARN  org.xmlcml.euclid.Line2  - line has coincident points: (539.94,100.08) ... (539.94,100.08)
1421 [main] DEBUG org.xmlcml.cml.graphics.GraphicsElement  - NODES 679
1422 [main] DEBUG org.xmlcml.cml.graphics.GraphicsElement  - No transform applied to: class org.xmlcml.cml.graphics.SVGG
1892 [main] DEBUG org.xmlcml.cml.graphics.GraphicsElement  - ... applied transformations
2378 [main] WARN  org.xmlcml.cml.converters.spectrum.graphics.svg2cml.SVG2CMLSpectTool  - INCREASED LINE BOX with TEXT (0.0,-14.699999999999989)
2379 [main] WARN  org.xmlcml.cml.converters.spectrum.graphics.svg2cml.SVG2CMLSpectTool  - INCREASED LINE BOX with TEXT (0.0,-14.699999999999932)
2383 [main] DEBUG org.xmlcml.cml.converters.spectrum.graphics.svg2cml.AxisTool  - T (-49.98,-286.62) / 1.0
2383 [main] DEBUG org.xmlcml.cml.converters.spectrum.graphics.svg2cml.AxisTool  - T (-99.48,-286.62) / 2.0
2383 [main] DEBUG org.xmlcml.cml.converters.spectrum.graphics.svg2cml.AxisTool  - T (-148.98,-286.62) / 3.0
2383 [main] DEBUG org.xmlcml.cml.converters.spectrum.graphics.svg2cml.AxisTool  - T (-198.06,-286.62) / 4.0
2383 [main] DEBUG org.xmlcml.cml.converters.spectrum.graphics.svg2cml.AxisTool  - T (-247.56,-286.62) / 5.0
2383 [main] DEBUG org.xmlcml.cml.converters.spectrum.graphics.svg2cml.AxisTool  - T (-297.06,-286.62) / 6.0
2384 [main] DEBUG org.xmlcml.cml.converters.spectrum.graphics.svg2cml.AxisTool  - T (-346.56,-286.62) / 7.0
2384 [main] DEBUG org.xmlcml.cml.converters.spectrum.graphics.svg2cml.AxisTool  - T (-395.64,-286.62) / 8.0
2384 [main] DEBUG org.xmlcml.cml.converters.spectrum.graphics.svg2cml.AxisTool  - T (-445.14,-286.62) / 9.0
2384 [main] DEBUG org.xmlcml.cml.converters.spectrum.graphics.svg2cml.AxisTool  - textTick NaN(0.0)NaN
2384 [main] INFO  org.xmlcml.cml.converters.spectrum.graphics.svg2cml.AxisTool  - Taking annotation as title ppm (t1)
2384 [main] DEBUG org.xmlcml.cml.converters.spectrum.graphics.svg2cml.AxisTool  - TICK Value: -0.020248038471273096 origin 3.907499999999999
2398 [main] DEBUG org.xmlcml.cml.converters.spectrum.graphics.svg2cml.AxisTool  - T (-117.06,-666.66) / 50
2398 [main] DEBUG org.xmlcml.cml.converters.spectrum.graphics.svg2cml.AxisTool  - T (-235.98,-666.66) / 100
2398 [main] DEBUG org.xmlcml.cml.converters.spectrum.graphics.svg2cml.AxisTool  - T (-353.04,-666.66) / 150
2398 [main] DEBUG org.xmlcml.cml.converters.spectrum.graphics.svg2cml.AxisTool  - textTick NaN(0.0)NaN
2398 [main] INFO  org.xmlcml.cml.converters.spectrum.graphics.svg2cml.AxisTool  - Taking annotation as title ppm (t1)
2398 [main] WARN  org.xmlcml.cml.converters.spectrum.graphics.svg2cml.AxisTool  - BAD MAJOR TICK: 3 != 2
2398 [main] DEBUG org.xmlcml.cml.converters.spectrum.graphics.svg2cml.AxisTool  - ...-117.06 .. -113.22
2398 [main] DEBUG org.xmlcml.cml.converters.spectrum.graphics.svg2cml.AxisTool  - ...-353.04 .. -464.52
2398 [main] DEBUG org.xmlcml.cml.converters.spectrum.graphics.svg2cml.AxisTool  - ...-3.8400000000000034/111.47999999999996
2398 [main] INFO  org.xmlcml.cml.converters.spectrum.graphics.svg2cml.AxisTool  - adjust end
2398 [main] DEBUG org.xmlcml.cml.converters.spectrum.graphics.svg2cml.AxisTool  - TICK Value: -0.426912568306011 origin 3.8999999999999915
Tests run: 1, Failures: 0, Errors: 0, Skipped: 0, Time elapsed: 2.777 sec
Running org.xmlcml.cml.converters.spectrum.jdx.cml2jdx.RegressionTest
2594 [main] WARN  org.xmlcml.cml.converters.testutils.RegressionSuite  - Cannot compare non-xml files
Tests run: 1, Failures: 0, Errors: 0, Skipped: 0, Time elapsed: 0.104 sec
Running org.xmlcml.cml.converters.spectrum.jdx.jdx2cml.JCampTest
Tests run: 2, Failures: 0, Errors: 0, Skipped: 2, Time elapsed: 0.005 sec
Running org.xmlcml.cml.converters.spectrum.jdx.jdx2cml.RegressionTest
3159 [main] WARN  org.jcamp.parser.NMRJCAMPReader  - incorrect ##NPOINTS= or bad ##XYDATA=
found 16383, but ##NPOINTS= 16384, setting NPOINTS to 16383
Tests run: 1, Failures: 0, Errors: 0, Skipped: 0, Time elapsed: 0.669 sec
Running org.xmlcml.cml.converters.spectrum.oscar.PeakTest
Tests run: 1, Failures: 0, Errors: 0, Skipped: 1, Time elapsed: 0.003 sec
Running org.xmlcml.cml.converters.spectrum.oscar.RegressionTest
3393 [main] ERROR org.xmlcml.cml.converters.spectrum.oscar.OSCAR2CMLSpectHelper  - unusual text child in <peaks> [ppm]
3409 [main] ERROR org.xmlcml.cml.converters.spectrum.oscar.OSCAR2CMLSpectHelper  - unusual text child in <peaks> [;]
3409 [main] ERROR org.xmlcml.cml.converters.spectrum.oscar.OSCAR2CMLSpectHelper  - unusual text child in <peaks> [;]
3410 [main] ERROR org.xmlcml.cml.converters.spectrum.oscar.OSCAR2CMLSpectHelper  - unusual text child in <peaks> [;]
3410 [main] ERROR org.xmlcml.cml.converters.spectrum.oscar.OSCAR2CMLSpectHelper  - unusual text child in <peaks> [;]
3411 [main] ERROR org.xmlcml.cml.converters.spectrum.oscar.OSCAR2CMLSpectHelper  - unusual text child in <peaks> [;]
3411 [main] ERROR org.xmlcml.cml.converters.spectrum.oscar.OSCAR2CMLSpectHelper  - unusual text child in <peaks> [;]
3411 [main] ERROR org.xmlcml.cml.converters.spectrum.oscar.OSCAR2CMLSpectHelper  - unusual text child in <peaks> [;]
Tests run: 1, Failures: 0, Errors: 0, Skipped: 0, Time elapsed: 0.088 sec
Running org.xmlcml.cml.converters.spectrum.oscar.ValueTest
Tests run: 1, Failures: 0, Errors: 0, Skipped: 0, Time elapsed: 0.002 sec
Running org.xmlcml.cml.converters.spectrum.svg.cml2svg.RegressionTest
Tests run: 1, Failures: 0, Errors: 0, Skipped: 0, Time elapsed: 0.101 sec
Running org.xmlcml.cml.converters.spectrum.svg.hnmr2svg.RegressionTest
Tests run: 2, Failures: 0, Errors: 0, Skipped: 1, Time elapsed: 0.002 sec

Results :

Tests run: 13, Failures: 0, Errors: 0, Skipped: 5

[INFO] [jar:jar {execution: default-jar}]
[INFO] Building jar: D:\SPS-workspace\jumbo-converters\jumbo-converters-spectrum\target\jumbo-converters-spectrum-0.3-SNAPSHOT.jar
[INFO] [install:install {execution: default-install}]
[INFO] Installing D:\SPS-workspace\jumbo-converters\jumbo-converters-spectrum\target\jumbo-converters-spectrum-0.3-SNAPSHOT.jar to C:\Users\pm286\.m2\repository\cml\jumbo-converters-spectrum\0.3-SNAPSHOT\jumbo-converters-spectrum-0.3-SNAPSHOT.jar
[INFO] ------------------------------------------------------------------------
[INFO] BUILD SUCCESSFUL
[INFO] ------------------------------------------------------------------------
[INFO] Total time: 17 seconds
[INFO] Finished at: Sun Jan 08 23:33:23 GMT 2012
[INFO] Final Memory: 34M/195M
[INFO] ------------------------------------------------------------------------
